mode: set
creatly-task/internal/config/config.go:24.48,27.16 3 1
creatly-task/internal/config/config.go:30.2,30.16 1 1
creatly-task/internal/config/config.go:27.16,29.3 1 0
creatly-task/internal/config/config.go:42.44,45.16 3 1
creatly-task/internal/config/config.go:48.2,48.16 1 1
creatly-task/internal/config/config.go:45.16,47.3 1 0
creatly-task/internal/config/config.go:55.50,58.16 3 1
creatly-task/internal/config/config.go:61.2,61.16 1 1
creatly-task/internal/config/config.go:58.16,60.3 1 1
creatly-task/internal/config/config.go:72.56,75.16 3 1
creatly-task/internal/config/config.go:78.2,78.16 1 1
creatly-task/internal/config/config.go:75.16,77.3 1 0
creatly-task/internal/config/config.go:87.48,90.16 3 1
creatly-task/internal/config/config.go:93.2,93.16 1 1
creatly-task/internal/config/config.go:90.16,92.3 1 0
creatly-task/internal/config/config.go:101.50,104.16 3 1
creatly-task/internal/config/config.go:107.2,107.16 1 1
creatly-task/internal/config/config.go:104.16,106.3 1 0
creatly-task/internal/config/config.go:119.44,121.16 2 1
creatly-task/internal/config/config.go:125.2,126.16 2 1
creatly-task/internal/config/config.go:130.2,131.16 2 1
creatly-task/internal/config/config.go:134.2,135.16 2 1
creatly-task/internal/config/config.go:139.2,140.16 2 1
creatly-task/internal/config/config.go:144.2,145.16 2 1
creatly-task/internal/config/config.go:149.2,150.16 2 1
creatly-task/internal/config/config.go:154.2,161.8 1 1
creatly-task/internal/config/config.go:121.16,123.3 1 0
creatly-task/internal/config/config.go:126.16,128.3 1 0
creatly-task/internal/config/config.go:131.16,133.3 1 0
creatly-task/internal/config/config.go:135.16,137.3 1 0
creatly-task/internal/config/config.go:140.16,142.3 1 0
creatly-task/internal/config/config.go:145.16,147.3 1 0
creatly-task/internal/config/config.go:150.16,152.3 1 0
creatly-task/internal/services/services.go:28.74,34.2 1 1
creatly-task/internal/services/services.go:36.63,38.2 1 1
creatly-task/internal/services/services.go:40.73,42.16 2 1
creatly-task/internal/services/services.go:46.2,46.46 1 1
creatly-task/internal/services/services.go:51.2,52.16 2 1
creatly-task/internal/services/services.go:56.2,56.19 1 1
creatly-task/internal/services/services.go:42.16,44.3 1 0
creatly-task/internal/services/services.go:46.46,49.3 2 0
creatly-task/internal/services/services.go:52.16,54.3 1 0
creatly-task/internal/services/services.go:59.54,61.16 2 1
creatly-task/internal/services/services.go:64.2,64.19 1 1
creatly-task/internal/services/services.go:61.16,63.3 1 1
creatly-task/internal/services/services.go:67.67,69.16 2 1
creatly-task/internal/services/services.go:73.2,80.16 2 1
creatly-task/internal/services/services.go:84.2,84.12 1 1
creatly-task/internal/services/services.go:69.16,71.3 1 1
creatly-task/internal/services/services.go:80.16,82.3 1 1
creatly-task/internal/services/services.go:87.61,89.16 2 1
creatly-task/internal/services/services.go:92.2,92.20 1 1
creatly-task/internal/services/services.go:89.16,91.3 1 1
creatly-task/internal/handlers/handlers.go:38.113,45.2 1 1
creatly-task/internal/handlers/handlers.go:47.43,51.16 3 1
creatly-task/internal/handlers/handlers.go:56.2,57.16 2 1
creatly-task/internal/handlers/handlers.go:62.2,63.16 2 1
creatly-task/internal/handlers/handlers.go:68.2,68.45 1 1
creatly-task/internal/handlers/handlers.go:51.16,54.3 2 1
creatly-task/internal/handlers/handlers.go:57.16,60.3 2 0
creatly-task/internal/handlers/handlers.go:63.16,66.3 2 1
creatly-task/internal/handlers/handlers.go:71.43,77.65 4 1
creatly-task/internal/handlers/handlers.go:83.2,84.16 2 1
creatly-task/internal/handlers/handlers.go:89.2,90.16 2 1
creatly-task/internal/handlers/handlers.go:95.2,96.58 2 1
creatly-task/internal/handlers/handlers.go:77.65,81.3 3 1
creatly-task/internal/handlers/handlers.go:84.16,87.3 2 1
creatly-task/internal/handlers/handlers.go:90.16,93.3 2 1
creatly-task/internal/handlers/handlers.go:99.51,102.16 2 0
creatly-task/internal/handlers/handlers.go:107.2,108.16 2 0
creatly-task/internal/handlers/handlers.go:113.2,113.33 1 0
creatly-task/internal/handlers/handlers.go:102.16,105.3 2 0
creatly-task/internal/handlers/handlers.go:108.16,111.3 2 0
creatly-task/internal/handlers/handlers.go:116.42,118.16 2 0
creatly-task/internal/handlers/handlers.go:123.2,123.30 1 0
creatly-task/internal/handlers/handlers.go:118.16,121.3 2 0
creatly-task/internal/handlers/handlers.go:126.47,128.63 2 0
creatly-task/internal/handlers/handlers.go:133.2,134.18 2 0
creatly-task/internal/handlers/handlers.go:139.2,140.16 2 0
creatly-task/internal/handlers/handlers.go:145.2,148.39 3 0
creatly-task/internal/handlers/handlers.go:153.2,159.16 2 0
creatly-task/internal/handlers/handlers.go:164.2,164.52 1 0
creatly-task/internal/handlers/handlers.go:128.63,131.3 2 0
creatly-task/internal/handlers/handlers.go:134.18,137.3 2 0
creatly-task/internal/handlers/handlers.go:140.16,143.3 2 0
creatly-task/internal/handlers/handlers.go:148.39,151.3 2 0
creatly-task/internal/handlers/handlers.go:159.16,162.3 2 0
creatly-task/internal/handlers/handlers.go:167.71,169.18 2 0
creatly-task/internal/handlers/handlers.go:173.2,174.27 2 0
creatly-task/internal/handlers/handlers.go:178.2,178.32 1 0
creatly-task/internal/handlers/handlers.go:182.2,182.30 1 0
creatly-task/internal/handlers/handlers.go:186.2,186.28 1 0
creatly-task/internal/handlers/handlers.go:169.18,171.3 1 0
creatly-task/internal/handlers/handlers.go:174.27,176.3 1 0
creatly-task/internal/handlers/handlers.go:178.32,180.3 1 0
creatly-task/internal/handlers/handlers.go:182.30,184.3 1 0
creatly-task/internal/handlers/handlers.go:189.47,191.2 1 1
creatly-task/internal/handlers/handlers.go:193.51,195.16 2 0
creatly-task/internal/handlers/handlers.go:198.2,198.19 1 0
creatly-task/internal/handlers/handlers.go:195.16,197.3 1 0
