mode: set
creatly-task/internal/config/config.go:24.48,27.16 3 1
creatly-task/internal/config/config.go:30.2,30.16 1 1
creatly-task/internal/config/config.go:27.16,29.3 1 0
creatly-task/internal/config/config.go:42.44,45.16 3 1
creatly-task/internal/config/config.go:48.2,48.16 1 1
creatly-task/internal/config/config.go:45.16,47.3 1 0
creatly-task/internal/config/config.go:55.50,58.16 3 1
creatly-task/internal/config/config.go:61.2,61.16 1 1
creatly-task/internal/config/config.go:58.16,60.3 1 1
creatly-task/internal/config/config.go:72.56,75.16 3 1
creatly-task/internal/config/config.go:78.2,78.16 1 1
creatly-task/internal/config/config.go:75.16,77.3 1 0
creatly-task/internal/config/config.go:87.48,90.16 3 1
creatly-task/internal/config/config.go:93.2,93.16 1 1
creatly-task/internal/config/config.go:90.16,92.3 1 0
creatly-task/internal/config/config.go:101.50,104.16 3 1
creatly-task/internal/config/config.go:107.2,107.16 1 1
creatly-task/internal/config/config.go:104.16,106.3 1 0
creatly-task/internal/config/config.go:119.44,121.16 2 1
creatly-task/internal/config/config.go:125.2,126.16 2 1
creatly-task/internal/config/config.go:130.2,131.16 2 1
creatly-task/internal/config/config.go:134.2,135.16 2 1
creatly-task/internal/config/config.go:139.2,140.16 2 1
creatly-task/internal/config/config.go:144.2,145.16 2 1
creatly-task/internal/config/config.go:149.2,150.16 2 1
creatly-task/internal/config/config.go:154.2,161.8 1 1
creatly-task/internal/config/config.go:121.16,123.3 1 0
creatly-task/internal/config/config.go:126.16,128.3 1 0
creatly-task/internal/config/config.go:131.16,133.3 1 0
creatly-task/internal/config/config.go:135.16,137.3 1 0
creatly-task/internal/config/config.go:140.16,142.3 1 0
creatly-task/internal/config/config.go:145.16,147.3 1 0
creatly-task/internal/config/config.go:150.16,152.3 1 0
